16:21:06.602 [main] DEBUG org.apache.poi.openxml4j.opc.PackageRelationshipCollection - Parsing relationship: /_rels/.rels
16:21:06.631 [main] DEBUG org.apache.poi.openxml4j.opc.PackageRelationshipCollection - Parsing relationship: /xl/_rels/workbook.xml.rels
16:21:06.631 [main] DEBUG org.apache.poi.openxml4j.opc.PackageRelationshipCollection - Parsing relationship: /xl/worksheets/_rels/sheet4.xml.rels
16:21:06.632 [main] DEBUG org.apache.poi.openxml4j.opc.PackageRelationshipCollection - Parsing relationship: /_rels/.rels
16:21:13.189 [main] INFO  resources.base - 1. Open link http://automationpractice.com/index.php
16:21:24.253 [main] INFO  resources.base - 2. Login to the website.
16:21:24.444 [main] INFO  resources.base - 3. Move your cursor over Women's link
16:21:29.430 [main] INFO  resources.base - 4. Click on sub menu 'Summer Dresses'
16:21:29.592 [main] INFO  resources.base - 5. Mouse hover on the second product displayed
16:21:32.784 [main] INFO  resources.base - 6. 'More' button will be displayed, click on 'More' button
16:21:32.952 [main] INFO  resources.base - 7. Increase quantity to 2
16:21:33.129 [main] INFO  resources.base - 8. Select size 'L'
16:21:33.297 [main] INFO  resources.base - 9. Select color
16:21:33.425 [main] INFO  resources.base - 10. Click 'Add to Cart' button
16:21:38.371 [main] INFO  resources.base - 11. Click 'Proceed to checkout' button
16:21:55.242 [main] INFO  resources.base - 12. Complete the buy order process till payment
16:21:55.300 [main] INFO  resources.base - Order Reference in the summary = LHFUZEICY
16:22:02.637 [main] INFO  resources.base - Order Reference in table = LHFUZEICY
16:22:02.638 [main] INFO  resources.base - 13. Make sure that Product is ordered
16:22:02.643 [main] DEBUG org.apache.poi.openxml4j.opc.PackageRelationshipCollection - Parsing relationship: /xl/_rels/workbook.xml.rels
16:22:02.644 [main] DEBUG org.apache.poi.openxml4j.opc.PackageRelationshipCollection - Parsing relationship: /xl/worksheets/_rels/sheet4.xml.rels
16:22:02.645 [main] DEBUG org.apache.poi.openxml4j.opc.PackageRelationshipCollection - Parsing relationship: /_rels/.rels
16:22:02.673 [main] DEBUG org.apache.poi.openxml4j.opc.PackageRelationshipCollection - Parsing relationship: /xl/_rels/workbook.xml.rels
16:22:02.674 [main] DEBUG org.apache.poi.openxml4j.opc.PackageRelationshipCollection - Parsing relationship: /xl/worksheets/_rels/sheet4.xml.rels
16:22:02.674 [main] DEBUG org.apache.poi.openxml4j.opc.PackageRelationshipCollection - Parsing relationship: /_rels/.rels
16:22:02.713 [main] DEBUG org.apache.poi.openxml4j.opc.PackageRelationshipCollection - Parsing relationship: /xl/_rels/workbook.xml.rels
16:22:02.714 [main] DEBUG org.apache.poi.openxml4j.opc.PackageRelationshipCollection - Parsing relationship: /xl/worksheets/_rels/sheet4.xml.rels
16:22:02.715 [main] DEBUG org.apache.poi.openxml4j.opc.PackageRelationshipCollection - Parsing relationship: /_rels/.rels
16:22:02.757 [main] DEBUG org.apache.poi.openxml4j.opc.PackageRelationshipCollection - Parsing relationship: /xl/_rels/workbook.xml.rels
16:22:02.758 [main] DEBUG org.apache.poi.openxml4j.opc.PackageRelationshipCollection - Parsing relationship: /xl/worksheets/_rels/sheet4.xml.rels
16:22:02.759 [main] DEBUG org.apache.poi.openxml4j.opc.PackageRelationshipCollection - Parsing relationship: /_rels/.rels
16:22:07.626 [main] INFO  resources.base - 1. Open link http://automationpractice.com/index.php
16:22:07.794 [main] INFO  resources.base - 2. Move your cursor over Women's link
16:22:09.831 [main] INFO  resources.base - 3. Click on sub menu 'Summer Dresses'
16:22:09.987 [main] INFO  resources.base - 4. Mouse hover on the second product displayed
16:22:10.143 [main] INFO  resources.base - 5. 'Add to Wishlist' will appear on the bottom of that product, click on it.
16:22:11.275 [main] INFO  resources.base - Error Message: You must be logged in to manage your wishlist.
16:22:11.276 [main] INFO  resources.base - 6. Verify that error message is displayed 'You must be logged in to manage your wish list.'
16:22:11.281 [main] DEBUG org.apache.poi.openxml4j.opc.PackageRelationshipCollection - Parsing relationship: /xl/_rels/workbook.xml.rels
16:22:11.282 [main] DEBUG org.apache.poi.openxml4j.opc.PackageRelationshipCollection - Parsing relationship: /xl/worksheets/_rels/sheet4.xml.rels
16:22:11.284 [main] DEBUG org.apache.poi.openxml4j.opc.PackageRelationshipCollection - Parsing relationship: /_rels/.rels
16:22:11.339 [main] DEBUG org.apache.poi.openxml4j.opc.PackageRelationshipCollection - Parsing relationship: /xl/_rels/workbook.xml.rels
16:22:11.340 [main] DEBUG org.apache.poi.openxml4j.opc.PackageRelationshipCollection - Parsing relationship: /xl/worksheets/_rels/sheet4.xml.rels
16:22:11.342 [main] DEBUG org.apache.poi.openxml4j.opc.PackageRelationshipCollection - Parsing relationship: /_rels/.rels
16:22:11.393 [main] DEBUG org.apache.poi.openxml4j.opc.PackageRelationshipCollection - Parsing relationship: /xl/_rels/workbook.xml.rels
